/*C3*/SET SCHEMA PUBLIC
CONNECT USER SA
DISCONNECT
/*C4*/SET SCHEMA PUBLIC
CONNECT USER SA
INSERT INTO PROGRAMMING_INDIVIDUAL VALUES(34,0,'32','yuan')
INSERT INTO THEPAIRTABLE VALUES(53,0,'2','feng','pratima')
SET AUTOCOMMIT FALSE
DELETE FROM THEPAIRTABLE WHERE ID=53
INSERT INTO THEPAIRTABLE VALUES(53,1,'5','feng','pratima')
SET AUTOCOMMIT TRUE
INSERT INTO THEPAIRTABLE VALUES(54,0,'6','shashank','mark')
INSERT INTO THEPAIRTABLE VALUES(55,0,'4','pratima','mark')
INSERT INTO THEPAIRTABLE VALUES(56,0,'3','feng','mark')
INSERT INTO THEPAIRTABLE VALUES(57,0,'6','pratima','shashank')
INSERT INTO THEPAIRTABLE VALUES(58,0,'5','feng','shashank')
SET AUTOCOMMIT FALSE
DELETE FROM THEPAIRTABLE WHERE ID=53
INSERT INTO THEPAIRTABLE VALUES(53,2,'4','feng','pratima')
SET AUTOCOMMIT TRUE
